<?xml version="1.0" encoding="UTF-8" ?>
<testsuite errors="0" failures="0" hostname="client-161.wlan.dai-lab.de" name="TripTests" tests="1" time="0.0020" timestamp="2012-10-23T09:13:57">
  <properties />
  <testcase classname="TripTests" name="testSomething" time="0.0" />
  <system-out><![CDATA[--Output from testSomething--
]]></system-out>
  <system-err><![CDATA[--Output from testSomething--
]]></system-err>
</testsuite>
