<?xml version="1.0" encoding="UTF-8" ?>
<testsuite errors="1" failures="0" hostname="client-161.wlan.dai-lab.de" name="DateTagLibTests" tests="1" time="0.166" timestamp="2012-10-23T09:13:57">
  <properties />
  <testcase classname="DateTagLibTests" name="testThisYear" time="0.154">
    <error message="No thread-bound request found: Are you referring to request attributes outside of an actual web request, or processing a request outside of the originally receiving thread? If you are actually operating within a web request and still receive this message, your code is probably running outside of DispatcherServlet/DispatcherPortlet: In this case, use RequestContextListener or RequestContextFilter to expose the current request." type="java.lang.IllegalStateException">java.lang.IllegalStateException: No thread-bound request found: Are you referring to request attributes outside of an actual web request, or processing a request outside of the originally receiving thread? If you are actually operating within a web request and still receive this message, your code is probably running outside of DispatcherServlet/DispatcherPortlet: In this case, use RequestContextListener or RequestContextFilter to expose the current request.
	at DateTagLibTests.testThisYear(DateTagLibTests.groovy:31)
</error>
  </testcase>
  <system-out><![CDATA[--Output from testThisYear--
]]></system-out>
  <system-err><![CDATA[--Output from testThisYear--
]]></system-err>
</testsuite>
